<?xml version="1.0" encoding="UTF-8"?>
<!-- Generated by org.testng.reporters.JUnitReportReporter -->
<testsuite hostname="MRUTUNJAY" failures="0" tests="1" name="com.api.ValidateCoockies" time="3.877" errors="0" timestamp="2023-04-15T18:54:11 IST" skipped="0">
  <testcase classname="com.api.ValidateCoockies" name="validate_UsingLoop" time="3.877"/>
  <system-out/>
</testsuite> <!-- com.api.ValidateCoockies -->
