<?xml version="1.0" encoding="UTF-8"?>
<!-- Generated by org.testng.reporters.JUnitReportReporter -->
<testsuite hostname="MRUTUNJAY" failures="0" tests="1" name="com.PostApi.StudentPostApi" time="0.015" errors="0" timestamp="2023-02-11T13:36:35 IST" skipped="0">
  <testcase classname="com.PostApi.StudentPostApi" name="testPostApi" time="0.015"/>
  <system-out/>
</testsuite> <!-- com.PostApi.StudentPostApi -->
