<?xml version="1.0" encoding="UTF-8"?>
<!-- Generated by org.testng.reporters.JUnitReportReporter -->
<testsuite hostname="MRUTUNJAY" failures="0" tests="1" name="FakerDataGenerator" time="0.581" errors="0" timestamp="2023-04-15T17:11:58 IST" skipped="0">
  <testcase classname="FakerDataGenerator" name="testGenerateDummyData" time="0.581"/>
  <system-out/>
</testsuite> <!-- FakerDataGenerator -->
