<?xml version="1.0" encoding="UTF-8"?>
<!-- Generated by org.testng.reporters.JUnitReportReporter -->
<testsuite hostname="MRUTUNJAY" failures="0" tests="4" name="api.test.UserTests" time="14.792" errors="0" timestamp="2023-04-23T19:23:34 IST" skipped="0">
  <testcase classname="api.test.UserTests" name="testPostUser" time="8.542"/>
  <system-out/>
  <testcase classname="api.test.UserTests" name="testGestUserByName" time="2.081"/>
  <system-out/>
  <testcase classname="api.test.UserTests" name="testUpdateUserByName" time="2.461"/>
  <system-out/>
  <testcase classname="api.test.UserTests" name="testDeleteUserByName" time="1.708"/>
  <system-out/>
</testsuite> <!-- api.test.UserTests -->
