<?xml version="1.0" encoding="UTF-8"?>
<!-- Generated by org.testng.reporters.JUnitReportReporter -->
<testsuite hostname="MRUTUNJAY" failures="0" tests="1" name="com.api.HTTPRequests" time="1.500" errors="0" timestamp="2023-04-21T12:16:04 IST" skipped="0">
  <testcase classname="com.api.HTTPRequests" name="setBaseUri" time="1.500"/>
  <system-out/>
</testsuite> <!-- com.api.HTTPRequests -->
